<?xml version="1.0" encoding="UTF-8"?>
<testsuite xmlns:xsi="http://www.w3.org/2001/XMLSchema-instance" xsi:noNamespaceSchemaLocation="https://maven.apache.org/surefire/maven-surefire-plugin/xsd/surefire-test-report.xsd" name="ar.edu.utn.frba.dds.macowins.PrendaTest" time="0.112" tests="10" errors="0" skipped="0" failures="0">
  <properties>
[...]
</properties>
  <testcase name="calculoDeLasGananciasDeUnDia" classname="ar.edu.utn.frba.dds.macowins.PrendaTest" time="0.07"/>
  <testcase name="calculoDelImporteDeUnaVenta" classname="ar.edu.utn.frba.dds.macowins.PrendaTest" time="0"/>
  <testcase name="elPrecioDeUnaCamisaNuevaEsSuPrecioBase" classname="ar.edu.utn.frba.dds.macowins.PrendaTest" time="0.002"/>
  <testcase name="laVenta2Vendio2Prendas" classname="ar.edu.utn.frba.dds.macowins.PrendaTest" time="0.001"/>
  <testcase name="unaVentaVendioXCantidadDePrendas" classname="ar.edu.utn.frba.dds.macowins.PrendaTest" time="0.001"/>
  <testcase name="elTipoDeUnSacoEnLiquidacionEsSACO" classname="ar.edu.utn.frba.dds.macowins.PrendaTest" time="0.001"/>
  <testcase name="elPrecioDeUnSacoEnLiquidacionEsSuLaMitadDeSuPrecioBase" classname="ar.edu.utn.frba.dds.macowins.PrendaTest" time="0.001"/>
  <testcase name="elTipoDeUnaCamisaNuevaEsCAMISA" classname="ar.edu.utn.frba.dds.macowins.PrendaTest" time="0.001"/>
  <testcase name="elPrecioDeUnPantalonEnPromocionEsSuPrecioBaseMenosSuDecuento" classname="ar.edu.utn.frba.dds.macowins.PrendaTest" time="0.001"/>
  <testcase name="venta3esDeFecha" classname="ar.edu.utn.frba.dds.macowins.PrendaTest" time="0.001"/>
</testsuite>